2020-03-25 00:02:36.798  INFO 8716 --- [AsyncResolver-bootstrap-executor-0] c.n.d.s.r.aws.ConfigClusterResolver      : Resolving eureka endpoints via configuration
2020-03-25 00:07:36.819  INFO 8716 --- [AsyncResolver-bootstrap-executor-0] c.n.d.s.r.aws.ConfigClusterResolver      : Resolving eureka endpoints via configuration
2020-03-25 00:12:36.822  INFO 8716 --- [AsyncResolver-bootstrap-executor-0] c.n.d.s.r.aws.ConfigClusterResolver      : Resolving eureka endpoints via configuration
2020-03-25 00:17:36.825  INFO 8716 --- [AsyncResolver-bootstrap-executor-0] c.n.d.s.r.aws.ConfigClusterResolver      : Resolving eureka endpoints via configuration
2020-03-25 00:22:36.827  INFO 8716 --- [AsyncResolver-bootstrap-executor-0] c.n.d.s.r.aws.ConfigClusterResolver      : Resolving eureka endpoints via configuration
2020-03-25 00:27:36.830  INFO 8716 --- [AsyncResolver-bootstrap-executor-0] c.n.d.s.r.aws.ConfigClusterResolver      : Resolving eureka endpoints via configuration
2020-03-25 00:32:36.832  INFO 8716 --- [AsyncResolver-bootstrap-executor-0] c.n.d.s.r.aws.ConfigClusterResolver      : Resolving eureka endpoints via configuration
2020-03-25 00:37:36.834  INFO 8716 --- [AsyncResolver-bootstrap-executor-0] c.n.d.s.r.aws.ConfigClusterResolver      : Resolving eureka endpoints via configuration
2020-03-25 00:42:36.836  INFO 8716 --- [AsyncResolver-bootstrap-executor-0] c.n.d.s.r.aws.ConfigClusterResolver      : Resolving eureka endpoints via configuration
2020-03-25 00:47:36.840  INFO 8716 --- [AsyncResolver-bootstrap-executor-0] c.n.d.s.r.aws.ConfigClusterResolver      : Resolving eureka endpoints via configuration
2020-03-25 00:52:36.843  INFO 8716 --- [AsyncResolver-bootstrap-executor-0] c.n.d.s.r.aws.ConfigClusterResolver      : Resolving eureka endpoints via configuration
2020-03-25 00:57:36.845  INFO 8716 --- [AsyncResolver-bootstrap-executor-0] c.n.d.s.r.aws.ConfigClusterResolver      : Resolving eureka endpoints via configuration
2020-03-25 01:02:36.846  INFO 8716 --- [AsyncResolver-bootstrap-executor-0] c.n.d.s.r.aws.ConfigClusterResolver      : Resolving eureka endpoints via configuration
2020-03-25 01:07:36.849  INFO 8716 --- [AsyncResolver-bootstrap-executor-0] c.n.d.s.r.aws.ConfigClusterResolver      : Resolving eureka endpoints via configuration
2020-03-25 01:12:36.850  INFO 8716 --- [AsyncResolver-bootstrap-executor-0] c.n.d.s.r.aws.ConfigClusterResolver      : Resolving eureka endpoints via configuration
2020-03-25 01:17:36.851  INFO 8716 --- [AsyncResolver-bootstrap-executor-0] c.n.d.s.r.aws.ConfigClusterResolver      : Resolving eureka endpoints via configuration
2020-03-25 01:22:36.853  INFO 8716 --- [AsyncResolver-bootstrap-executor-0] c.n.d.s.r.aws.ConfigClusterResolver      : Resolving eureka endpoints via configuration
2020-03-25 01:27:36.855  INFO 8716 --- [AsyncResolver-bootstrap-executor-0] c.n.d.s.r.aws.ConfigClusterResolver      : Resolving eureka endpoints via configuration
2020-03-25 01:32:36.856  INFO 8716 --- [AsyncResolver-bootstrap-executor-0] c.n.d.s.r.aws.ConfigClusterResolver      : Resolving eureka endpoints via configuration
2020-03-25 01:37:36.857  INFO 8716 --- [AsyncResolver-bootstrap-executor-0] c.n.d.s.r.aws.ConfigClusterResolver      : Resolving eureka endpoints via configuration
2020-03-25 01:42:36.859  INFO 8716 --- [AsyncResolver-bootstrap-executor-0] c.n.d.s.r.aws.ConfigClusterResolver      : Resolving eureka endpoints via configuration
2020-03-25 01:47:36.860  INFO 8716 --- [AsyncResolver-bootstrap-executor-0] c.n.d.s.r.aws.ConfigClusterResolver      : Resolving eureka endpoints via configuration
2020-03-25 01:52:36.863  INFO 8716 --- [AsyncResolver-bootstrap-executor-0] c.n.d.s.r.aws.ConfigClusterResolver      : Resolving eureka endpoints via configuration
2020-03-25 01:57:36.864  INFO 8716 --- [AsyncResolver-bootstrap-executor-0] c.n.d.s.r.aws.ConfigClusterResolver      : Resolving eureka endpoints via configuration
2020-03-25 02:02:36.865  INFO 8716 --- [AsyncResolver-bootstrap-executor-0] c.n.d.s.r.aws.ConfigClusterResolver      : Resolving eureka endpoints via configuration
2020-03-25 02:07:36.867  INFO 8716 --- [AsyncResolver-bootstrap-executor-0] c.n.d.s.r.aws.ConfigClusterResolver      : Resolving eureka endpoints via configuration
2020-03-25 02:09:32.796  INFO 8716 --- [RMI TCP Connection(162)-127.0.0.1] inMXBeanRegistrar$SpringApplicationAdmin : Application shutdown requested.
2020-03-25 02:09:32.798  INFO 8716 --- [RMI TCP Connection(162)-127.0.0.1] o.s.c.n.e.s.EurekaServiceRegistry        : Unregistering application SCW-WEBUI with eureka with status DOWN
2020-03-25 02:09:32.799  WARN 8716 --- [RMI TCP Connection(162)-127.0.0.1] com.netflix.discovery.DiscoveryClient    : Saw local status change event StatusChangeEvent [timestamp=1585073372799, current=DOWN, previous=UP]
2020-03-25 02:09:32.799  INFO 8716 --- [DiscoveryClient-InstanceInfoReplicator-0] com.netflix.discovery.DiscoveryClient    : DiscoveryClient_SCW-WEBUI/DESKTOP-D043IVH.mshome.net:SCW-WEBUI:10000: registering service...
2020-03-25 02:09:32.802  INFO 8716 --- [DiscoveryClient-InstanceInfoReplicator-0] com.netflix.discovery.DiscoveryClient    : DiscoveryClient_SCW-WEBUI/DESKTOP-D043IVH.mshome.net:SCW-WEBUI:10000 - registration status: 204
2020-03-25 02:09:32.808  INFO 8716 --- [RMI TCP Connection(162)-127.0.0.1] o.s.s.concurrent.ThreadPoolTaskExecutor  : Shutting down ExecutorService 'applicationTaskExecutor'
2020-03-25 02:09:33.100  INFO 8716 --- [RMI TCP Connection(162)-127.0.0.1] c.n.u.concurrent.ShutdownEnabledTimer    : Shutdown hook removed for: NFLoadBalancer-PingTimer-SCW-PROJECT
2020-03-25 02:09:33.228  INFO 8716 --- [RMI TCP Connection(162)-127.0.0.1] com.netflix.discovery.DiscoveryClient    : Shutting down DiscoveryClient ...
2020-03-25 14:24:36.702  INFO 9416 --- [main] com.atguigu.scw.ScwWebuiApplication      : No active profile set, falling back to default profiles: default
2020-03-25 14:24:38.169  INFO 9416 --- [main] .s.d.r.c.RepositoryConfigurationDelegate : Multiple Spring Data modules found, entering strict repository configuration mode!
2020-03-25 14:24:38.172  INFO 9416 --- [main] .s.d.r.c.RepositoryConfigurationDelegate : Bootstrapping Spring Data Redis repositories in DEFAULT mode.
2020-03-25 14:24:38.244  INFO 9416 --- [main] .s.d.r.c.RepositoryConfigurationDelegate : Finished Spring Data repository scanning in 46ms. Found 0 Redis repository interfaces.
2020-03-25 14:24:38.839  INFO 9416 --- [main] o.s.cloud.context.scope.GenericScope     : BeanFactory id=bc05f41c-67d5-38ac-b000-709186c657cc
2020-03-25 14:24:38.986  INFO 9416 --- [main] trationDelegate$BeanPostProcessorChecker : Bean 'com.atguigu.scw.webui.service.TMemberServiceFeign' of type [org.springframework.cloud.openfeign.FeignClientFactoryBean] is not eligible for getting processed by all BeanPostProcessors (for example: not eligible for auto-proxying)
2020-03-25 14:24:38.987  INFO 9416 --- [main] trationDelegate$BeanPostProcessorChecker : Bean 'com.atguigu.scw.webui.service.TProjectServiceFeign' of type [org.springframework.cloud.openfeign.FeignClientFactoryBean] is not eligible for getting processed by all BeanPostProcessors (for example: not eligible for auto-proxying)
2020-03-25 14:24:39.749  INFO 9416 --- [main] o.s.b.w.embedded.tomcat.TomcatWebServer  : Tomcat initialized with port(s): 10000 (http)
2020-03-25 14:24:39.765  INFO 9416 --- [main] o.apache.catalina.core.StandardService   : Starting service [Tomcat]
2020-03-25 14:24:39.765  INFO 9416 --- [main] org.apache.catalina.core.StandardEngine  : Starting Servlet engine: [Apache Tomcat/9.0.31]
2020-03-25 14:24:39.972  INFO 9416 --- [main] o.a.c.c.C.[Tomcat].[localhost].[/]       : Initializing Spring embedded WebApplicationContext
2020-03-25 14:24:39.972  INFO 9416 --- [main] o.s.web.context.ContextLoader            : Root WebApplicationContext: initialization completed in 3232 ms
2020-03-25 14:24:41.166  WARN 9416 --- [main] c.n.c.sources.URLConfigurationSource     : No URLs will be polled as dynamic configuration sources.
2020-03-25 14:24:41.166  INFO 9416 --- [main] c.n.c.sources.URLConfigurationSource     : To enable URLs as dynamic configuration sources, define System property archaius.configurationSource.additionalUrls or make config.properties available on classpath.
2020-03-25 14:24:41.172  WARN 9416 --- [main] c.n.c.sources.URLConfigurationSource     : No URLs will be polled as dynamic configuration sources.
2020-03-25 14:24:41.172  INFO 9416 --- [main] c.n.c.sources.URLConfigurationSource     : To enable URLs as dynamic configuration sources, define System property archaius.configurationSource.additionalUrls or make config.properties available on classpath.
2020-03-25 14:24:41.389  INFO 9416 --- [main] o.s.s.concurrent.ThreadPoolTaskExecutor  : Initializing ExecutorService 'applicationTaskExecutor'
2020-03-25 14:24:41.470  INFO 9416 --- [main] o.s.b.a.w.s.WelcomePageHandlerMapping    : Adding welcome page template: index
2020-03-25 14:24:41.942  INFO 9416 --- [main] io.lettuce.core.EpollProvider            : Starting without optional epoll library
2020-03-25 14:24:41.944  INFO 9416 --- [main] io.lettuce.core.KqueueProvider           : Starting without optional kqueue library
2020-03-25 14:24:44.131  WARN 9416 --- [main] ockingLoadBalancerClientRibbonWarnLogger : You already have RibbonLoadBalancerClient on your classpath. It will be used by default. As Spring Cloud Ribbon is in maintenance mode. We recommend switching to BlockingLoadBalancerClient instead. In order to use it, set the value of `spring.cloud.loadbalancer.ribbon.enabled` to `false` or remove spring-cloud-starter-netflix-ribbon from your project.
2020-03-25 14:24:44.239  INFO 9416 --- [main] o.s.c.n.eureka.InstanceInfoFactory       : Setting initial instance status as: STARTING
2020-03-25 14:24:44.346  INFO 9416 --- [main] com.netflix.discovery.DiscoveryClient    : Initializing Eureka in region us-east-1
2020-03-25 14:24:45.086  INFO 9416 --- [main] c.n.d.provider.DiscoveryJerseyProvider   : Using JSON encoding codec LegacyJacksonJson
2020-03-25 14:24:45.087  INFO 9416 --- [main] c.n.d.provider.DiscoveryJerseyProvider   : Using JSON decoding codec LegacyJacksonJson
2020-03-25 14:24:45.267  INFO 9416 --- [main] c.n.d.provider.DiscoveryJerseyProvider   : Using XML encoding codec XStreamXml
2020-03-25 14:24:45.267  INFO 9416 --- [main] c.n.d.provider.DiscoveryJerseyProvider   : Using XML decoding codec XStreamXml
2020-03-25 14:24:45.579  INFO 9416 --- [main] c.n.d.s.r.aws.ConfigClusterResolver      : Resolving eureka endpoints via configuration
2020-03-25 14:24:45.934  INFO 9416 --- [main] com.netflix.discovery.DiscoveryClient    : Disable delta property : false
2020-03-25 14:24:45.934  INFO 9416 --- [main] com.netflix.discovery.DiscoveryClient    : Single vip registry refresh property : null
2020-03-25 14:24:45.934  INFO 9416 --- [main] com.netflix.discovery.DiscoveryClient    : Force full registry fetch : false
2020-03-25 14:24:45.934  INFO 9416 --- [main] com.netflix.discovery.DiscoveryClient    : Application is null : false
2020-03-25 14:24:45.934  INFO 9416 --- [main] com.netflix.discovery.DiscoveryClient    : Registered Applications size is zero : true
2020-03-25 14:24:45.934  INFO 9416 --- [main] com.netflix.discovery.DiscoveryClient    : Application version is -1: true
2020-03-25 14:24:45.934  INFO 9416 --- [main] com.netflix.discovery.DiscoveryClient    : Getting all instance registry info from the eureka server
2020-03-25 14:24:46.072  INFO 9416 --- [main] com.netflix.discovery.DiscoveryClient    : The response status is 200
2020-03-25 14:24:46.075  INFO 9416 --- [main] com.netflix.discovery.DiscoveryClient    : Starting heartbeat executor: renew interval is: 30
2020-03-25 14:24:46.077  INFO 9416 --- [main] c.n.discovery.InstanceInfoReplicator     : InstanceInfoReplicator onDemand update allowed rate per min is 4
2020-03-25 14:24:46.083  INFO 9416 --- [main] com.netflix.discovery.DiscoveryClient    : Discovery Client initialized at timestamp 1585117486082 with initial instances count: 0
2020-03-25 14:24:46.087  INFO 9416 --- [main] o.s.c.n.e.s.EurekaServiceRegistry        : Registering application SCW-WEBUI with eureka with status UP
2020-03-25 14:24:46.088  INFO 9416 --- [main] com.netflix.discovery.DiscoveryClient    : Saw local status change event StatusChangeEvent [timestamp=1585117486088, current=UP, previous=STARTING]
2020-03-25 14:24:46.091  INFO 9416 --- [DiscoveryClient-InstanceInfoReplicator-0] com.netflix.discovery.DiscoveryClient    : DiscoveryClient_SCW-WEBUI/DESKTOP-D043IVH.mshome.net:SCW-WEBUI:10000: registering service...
2020-03-25 14:24:46.228  INFO 9416 --- [DiscoveryClient-InstanceInfoReplicator-0] com.netflix.discovery.DiscoveryClient    : DiscoveryClient_SCW-WEBUI/DESKTOP-D043IVH.mshome.net:SCW-WEBUI:10000 - registration status: 204
2020-03-25 14:24:46.759  INFO 9416 --- [main] s.a.ScheduledAnnotationBeanPostProcessor : No TaskScheduler/ScheduledExecutorService bean found for scheduled processing
2020-03-25 14:24:46.803  INFO 9416 --- [main] o.s.b.w.embedded.tomcat.TomcatWebServer  : Tomcat started on port(s): 10000 (http) with context path ''
2020-03-25 14:24:46.805  INFO 9416 --- [main] .s.c.n.e.s.EurekaAutoServiceRegistration : Updating port to 10000
2020-03-25 14:24:47.254  INFO 9416 --- [main] com.atguigu.scw.ScwWebuiApplication      : Started ScwWebuiApplication in 14.794 seconds (JVM running for 16.679)
2020-03-25 14:25:16.077  INFO 9416 --- [DiscoveryClient-CacheRefreshExecutor-0] com.netflix.discovery.DiscoveryClient    : Disable delta property : false
2020-03-25 14:25:16.078  INFO 9416 --- [DiscoveryClient-CacheRefreshExecutor-0] com.netflix.discovery.DiscoveryClient    : Single vip registry refresh property : null
2020-03-25 14:25:16.079  INFO 9416 --- [DiscoveryClient-CacheRefreshExecutor-0] com.netflix.discovery.DiscoveryClient    : Force full registry fetch : false
2020-03-25 14:25:16.079  INFO 9416 --- [DiscoveryClient-CacheRefreshExecutor-0] com.netflix.discovery.DiscoveryClient    : Application is null : false
2020-03-25 14:25:16.080  INFO 9416 --- [DiscoveryClient-CacheRefreshExecutor-0] com.netflix.discovery.DiscoveryClient    : Registered Applications size is zero : true
2020-03-25 14:25:16.081  INFO 9416 --- [DiscoveryClient-CacheRefreshExecutor-0] com.netflix.discovery.DiscoveryClient    : Application version is -1: false
2020-03-25 14:25:16.081  INFO 9416 --- [DiscoveryClient-CacheRefreshExecutor-0] com.netflix.discovery.DiscoveryClient    : Getting all instance registry info from the eureka server
2020-03-25 14:25:16.193  INFO 9416 --- [DiscoveryClient-CacheRefreshExecutor-0] com.netflix.discovery.DiscoveryClient    : The response status is 200
2020-03-25 14:29:45.939  INFO 9416 --- [AsyncResolver-bootstrap-executor-0] c.n.d.s.r.aws.ConfigClusterResolver      : Resolving eureka endpoints via configuration
2020-03-25 14:34:45.943  INFO 9416 --- [AsyncResolver-bootstrap-executor-0] c.n.d.s.r.aws.ConfigClusterResolver      : Resolving eureka endpoints via configuration
2020-03-25 14:39:45.945  INFO 9416 --- [AsyncResolver-bootstrap-executor-0] c.n.d.s.r.aws.ConfigClusterResolver      : Resolving eureka endpoints via configuration
2020-03-25 14:44:45.947  INFO 9416 --- [AsyncResolver-bootstrap-executor-0] c.n.d.s.r.aws.ConfigClusterResolver      : Resolving eureka endpoints via configuration
2020-03-25 14:49:45.949  INFO 9416 --- [AsyncResolver-bootstrap-executor-0] c.n.d.s.r.aws.ConfigClusterResolver      : Resolving eureka endpoints via configuration
2020-03-25 14:54:45.952  INFO 9416 --- [AsyncResolver-bootstrap-executor-0] c.n.d.s.r.aws.ConfigClusterResolver      : Resolving eureka endpoints via configuration
2020-03-25 14:59:45.953  INFO 9416 --- [AsyncResolver-bootstrap-executor-0] c.n.d.s.r.aws.ConfigClusterResolver      : Resolving eureka endpoints via configuration
2020-03-25 15:04:45.955  INFO 9416 --- [AsyncResolver-bootstrap-executor-0] c.n.d.s.r.aws.ConfigClusterResolver      : Resolving eureka endpoints via configuration
2020-03-25 15:09:45.958  INFO 9416 --- [AsyncResolver-bootstrap-executor-0] c.n.d.s.r.aws.ConfigClusterResolver      : Resolving eureka endpoints via configuration
2020-03-25 15:14:45.960  INFO 9416 --- [AsyncResolver-bootstrap-executor-0] c.n.d.s.r.aws.ConfigClusterResolver      : Resolving eureka endpoints via configuration
2020-03-25 15:19:45.961  INFO 9416 --- [AsyncResolver-bootstrap-executor-0] c.n.d.s.r.aws.ConfigClusterResolver      : Resolving eureka endpoints via configuration
2020-03-25 15:24:45.964  INFO 9416 --- [AsyncResolver-bootstrap-executor-0] c.n.d.s.r.aws.ConfigClusterResolver      : Resolving eureka endpoints via configuration
